<?xml version="1.0" encoding="UTF-8"?>
<testng-results ignored="0" total="2" passed="2" failed="0" skipped="0">
  <reporter-output>
  </reporter-output>
  <suite started-at="2024-03-05T12:09:55 IST" name="Sanity" finished-at="2024-03-05T12:10:05 IST" duration-ms="9450">
    <groups>
      <group name="cucumber">
        <method signature="AbstractTestNGCucumberTests.runScenario(io.cucumber.testng.PickleWrapper,io.cucumber.testng.FeatureWrapper)[pri:0, instance:org.prakash.Runner.TestRunner@49139829]" name="runScenario" class="io.cucumber.testng.AbstractTestNGCucumberTests"/>
      </group> <!-- cucumber -->
    </groups>
    <test started-at="2024-03-05T12:09:55 IST" name="Rest Assured Practice" finished-at="2024-03-05T12:10:05 IST" duration-ms="9450">
      <class name="org.prakash.Runner.TestRunner">
        <test-method is-config="true" signature="setUpClass(org.testng.ITestContext)[pri:0, instance:org.prakash.Runner.TestRunner@49139829]" started-at="2024-03-05T12:09:55 IST" name="setUpClass" finished-at="2024-03-05T12:09:57 IST" duration-ms="1529" status="PASS">
          <params>
            <param index="0">
              <value>
                <![CDATA[org.testng.TestRunner@3a52dba3]]>
              </value>
            </param>
          </params>
          <reporter-output>
          </reporter-output>
        </test-method> <!-- setUpClass -->
        <test-method signature="runScenario(io.cucumber.testng.PickleWrapper,io.cucumber.testng.FeatureWrapper)[pri:0, instance:org.prakash.Runner.TestRunner@49139829]" started-at="2024-03-05T12:09:57 IST" name="runScenario" description="Runs Cucumber Scenarios" data-provider="scenarios" finished-at="2024-03-05T12:10:02 IST" duration-ms="5713" status="PASS">
          <params>
            <param index="0">
              <value>
                <![CDATA["User hits the Google API to fetch the places"]]>
              </value>
            </param>
            <param index="1">
              <value>
                <![CDATA["Get request for Google API."]]>
              </value>
            </param>
          </params>
          <reporter-output>
          </reporter-output>
        </test-method> <!-- runScenario -->
        <test-method signature="runScenario(io.cucumber.testng.PickleWrapper,io.cucumber.testng.FeatureWrapper)[pri:0, instance:org.prakash.Runner.TestRunner@49139829]" started-at="2024-03-05T12:10:02 IST" name="runScenario" description="Runs Cucumber Scenarios" data-provider="scenarios" finished-at="2024-03-05T12:10:04 IST" duration-ms="1457" status="PASS">
          <params>
            <param index="0">
              <value>
                <![CDATA["User hits the Google API to fetch the places"]]>
              </value>
            </param>
            <param index="1">
              <value>
                <![CDATA["Get request for Google API."]]>
              </value>
            </param>
          </params>
          <reporter-output>
          </reporter-output>
        </test-method> <!-- runScenario -->
        <test-method is-config="true" signature="tearDownClass()[pri:0, instance:org.prakash.Runner.TestRunner@49139829]" started-at="2024-03-05T12:10:04 IST" name="tearDownClass" finished-at="2024-03-05T12:10:05 IST" duration-ms="672" status="PASS">
          <reporter-output>
          </reporter-output>
        </test-method> <!-- tearDownClass -->
      </class> <!-- org.prakash.Runner.TestRunner -->
    </test> <!-- Rest Assured Practice -->
  </suite> <!-- Sanity -->
</testng-results>
