<?xml version="1.0" encoding="UTF-8"?>
<testsuite xmlns:xsi="http://www.w3.org/2001/XMLSchema-instance" xsi:noNamespaceSchemaLocation="https://maven.apache.org/surefire/maven-surefire-plugin/xsd/surefire-test-report-3.0.xsd" version="3.0" name="TestSuite" time="10.437" tests="2" errors="0" skipped="0" failures="0">
  <properties>
[...]
</properties>
  <testcase name="runScenario[&quot;User hits the Google API to fetch the places&quot;, &quot;Get request for Google API.&quot;](1)" classname="org.prakash.Runner.TestRunner" time="5.714">
    <system-out><![CDATA[
@test
Scenario Outline: User hits the Google API to fetch the places                                                                            # src/main/resources/Features/postAPI.feature:12
https://rahulshettyacademy.com/maps/api/place
null
Request method:	POST
Request URI:	https://rahulshettyacademy.com/maps/api/place/add/json?key=qaclick123
Proxy:			<none>
Request params:	<none>
Query params:	key=qaclick123
Form params:	<none>
Path params:	<none>
Headers:		Accept=application/json, application/javascript, text/javascript, text/json
				Content-Type=application/json; charset=UTF-8
Cookies:		<none>
Multiparts:		<none>
Body:
{
    "types": [
        "Central Park",
        "Penthouse"
    ],
    "website": "www.vandumurugan.com",
    "address": "No 24, Vivekanandar kurukku Street",
    "name": "HIRA",
    "accuracy": "65",
    "location": {
        "lng": "23.6787",
        "lat": "-23.4545"
    },
    "phone_number": "04426549278",
    "language": "English -IN"
}
The response is : {
    "status": "OK",
    "place_id": "b0a1331c566dcbd791951554a9b13ffd",
    "scope": "APP",
    "reference": "01684ffc4c34eac25000f872bc664af101684ffc4c34eac25000f872bc664af1",
    "id": "01684ffc4c34eac25000f872bc664af1"
}
The place id is  :b0a1331c566dcbd791951554a9b13ffd
#####################********* Before Flush ******* ###########################
#####################********* If not Flush works using clear content method ******* ###########################
Existing file contents cleared successfully.
#####################********* No Flush ******* ###########################
The enetered Text are : b0a1331c566dcbd791951554a9b13ffd
The id for place is :b0a1331c566dcbd791951554a9b13ffd
  Given User tries to add a place "HIRA" "04426549278" "No 24, Vivekanandar kurukku Street" "www.vandumurugan.com" "English -IN"          # org.prakash.Steps.RestAssuredSteps.user_tries_to_add_a_place(java.lang.String,java.lang.String,java.lang.String,java.lang.String,java.lang.String)
##################################################################
The value after read is outer while loop: b0a1331c566dcbd791951554a9b13ffd
the place id is from get. : b0a1331c566dcbd791951554a9b13ffd
Request method:	GET
Request URI:	https://rahulshettyacademy.com/maps/api/place/get/json?key=qaclick123&place_id=b0a1331c566dcbd791951554a9b13ffd
Proxy:			<none>
Request params:	<none>
Query params:	key=qaclick123
				place_id=b0a1331c566dcbd791951554a9b13ffd
Form params:	<none>
Path params:	<none>
Headers:		Accept=application/json, application/javascript, text/javascript, text/json
				Content-Type=application/json; charset=UTF-8
Cookies:		<none>
Multiparts:		<none>
Body:			<none>
The get api response is :{
    "location": {
        "latitude": "-23.4545",
        "longitude": "23.6787"
    },
    "accuracy": "65",
    "name": "HIRA",
    "phone_number": "04426549278",
    "address": "No 24, Vivekanandar kurukku Street",
    "types": "Central Park,Penthouse",
    "website": "www.vandumurugan.com",
    "language": "English -IN"
}
  When User tries to get the address added "HIRA" "04426549278" "No 24, Vivekanandar kurukku Street" "www.vandumurugan.com" "English -IN" # org.prakash.Steps.RestAssuredSteps.user_tries_to_get_the_address_added(java.lang.String,java.lang.String,java.lang.String,java.lang.String,java.lang.String)
]]></system-out>
    <system-err><![CDATA[SLF4J: Failed to load class "org.slf4j.impl.StaticLoggerBinder".
SLF4J: Defaulting to no-operation (NOP) logger implementation
SLF4J: See http://www.slf4j.org/codes.html#StaticLoggerBinder for further details.
]]></system-err>
  </testcase>
  <testcase name="runScenario[&quot;User hits the Google API to fetch the places&quot;, &quot;Get request for Google API.&quot;](2)" classname="org.prakash.Runner.TestRunner" time="1.456">
    <system-out><![CDATA[
@test
Scenario Outline: User hits the Google API to fetch the places                                                               # src/main/resources/Features/postAPI.feature:13
https://rahulshettyacademy.com/maps/api/place
null
Request method:	POST
Request URI:	https://rahulshettyacademy.com/maps/api/place/add/json?key=qaclick123
Proxy:			<none>
Request params:	<none>
Query params:	key=qaclick123
Form params:	<none>
Path params:	<none>
Headers:		Accept=application/json, application/javascript, text/javascript, text/json
				Content-Type=application/json; charset=UTF-8
Cookies:		<none>
Multiparts:		<none>
Body:
{
    "types": [
        "Central Park",
        "Penthouse"
    ],
    "website": "www.naisekar.com",
    "address": "No 30, Egattur, OMR",
    "name": "Casa Grande",
    "accuracy": "65",
    "location": {
        "lng": "23.6787",
        "lat": "-23.4545"
    },
    "phone_number": "04422334455",
    "language": "French -EN"
}
The response is : {
    "status": "OK",
    "place_id": "1a28ccb691e1dde79b1ba5e676262e1e",
    "scope": "APP",
    "reference": "300d85e6fb1a0274b551922e3182ac39300d85e6fb1a0274b551922e3182ac39",
    "id": "300d85e6fb1a0274b551922e3182ac39"
}
The place id is  :1a28ccb691e1dde79b1ba5e676262e1e
#####################********* Before Flush ******* ###########################
#####################********* If not Flush works using clear content method ******* ###########################
Existing file contents cleared successfully.
#####################********* No Flush ******* ###########################
The enetered Text are : 1a28ccb691e1dde79b1ba5e676262e1e
The id for place is :1a28ccb691e1dde79b1ba5e676262e1e
  Given User tries to add a place "Casa Grande" "04422334455" "No 30, Egattur, OMR" "www.naisekar.com" "French -EN"          # org.prakash.Steps.RestAssuredSteps.user_tries_to_add_a_place(java.lang.String,java.lang.String,java.lang.String,java.lang.String,java.lang.String)
##################################################################
The value after read is outer while loop: 1a28ccb691e1dde79b1ba5e676262e1e
the place id is from get. : 1a28ccb691e1dde79b1ba5e676262e1e
Request method:	GET
Request URI:	https://rahulshettyacademy.com/maps/api/place/get/json?key=qaclick123&place_id=1a28ccb691e1dde79b1ba5e676262e1e
Proxy:			<none>
Request params:	<none>
Query params:	key=qaclick123
				place_id=1a28ccb691e1dde79b1ba5e676262e1e
Form params:	<none>
Path params:	<none>
Headers:		Accept=application/json, application/javascript, text/javascript, text/json
				Content-Type=application/json; charset=UTF-8
Cookies:		<none>
Multiparts:		<none>
Body:			<none>
The get api response is :{
    "location": {
        "latitude": "-23.4545",
        "longitude": "23.6787"
    },
    "accuracy": "65",
    "name": "Casa Grande",
    "phone_number": "04422334455",
    "address": "No 30, Egattur, OMR",
    "types": "Central Park,Penthouse",
    "website": "www.naisekar.com",
    "language": "French -EN"
}
  When User tries to get the address added "Casa Grande" "04422334455" "No 30, Egattur, OMR" "www.naisekar.com" "French -EN" # org.prakash.Steps.RestAssuredSteps.user_tries_to_get_the_address_added(java.lang.String,java.lang.String,java.lang.String,java.lang.String,java.lang.String)
]]></system-out>
  </testcase>
</testsuite>