<?xml version="1.0" encoding="UTF-8"?>
<!-- Generated by org.testng.reporters.JUnitXMLReporter -->
<testsuite ignored="0" hostname="CI-LR-197" failures="0" tests="2" name="Rest Assured Practice" time="9.45" errors="0" timestamp="2024-03-05T12:10:05 IST">
  <testcase classname="io.cucumber.testng.AbstractTestNGCucumberTests" name="runScenario" time="5.713"/>
  <testcase classname="io.cucumber.testng.AbstractTestNGCucumberTests" name="runScenario" time="1.457"/>
</testsuite> <!-- Rest Assured Practice -->
